<?xml version='1.0' encoding='UTF-8'?>
<testsuite hostname="thura-mbp.local" name="wikigraph.AsyncSuite" tests="10" errors="0" failures="0" skipped="0" time="0.928" timestamp="2024-01-27T16:24:22">
          <properties>
[...]
</properties>
          <testcase classname="wikigraph.AsyncSuite" name="transformSuccess should transform successful computations" time="0.004">
                      
                    </testcase><testcase classname="wikigraph.AsyncSuite" name="transformSuccess should propagate the failure of a failed computation" time="0.001">
                      
                    </testcase><testcase classname="wikigraph.AsyncSuite" name="recoverFailure should recover from failed computations" time="0.002">
                      
                    </testcase><testcase classname="wikigraph.AsyncSuite" name="recoverFailure should propagate successful computations" time="0.0">
                      
                    </testcase><testcase classname="wikigraph.AsyncSuite" name="sequenceComputations should start the second computation after the first has completed (2pts)" time="0.503">
                      
                    </testcase><testcase classname="wikigraph.AsyncSuite" name="sequenceComputations should not start the second computation if the first has failed (2pts)" time="0.003">
                      
                    </testcase><testcase classname="wikigraph.AsyncSuite" name="concurrentComputations should start both computations independently of each other’s completion (2pts)" time="0.406">
                      
                    </testcase><testcase classname="wikigraph.AsyncSuite" name="makeCake should be implemented (2pts)" time="0.005">
                      
                    </testcase><testcase classname="wikigraph.AsyncSuite" name="insist should not retry successful computations (2pts)" time="0.002">
                      
                    </testcase><testcase classname="wikigraph.AsyncSuite" name="insist should retry failed computations (2pts)" time="0.002">
                      
                    </testcase>
          <system-out><![CDATA[]]></system-out>
          <system-err><![CDATA[]]></system-err>
        </testsuite>