<?xml version='1.0' encoding='UTF-8'?>
<testsuite hostname="thura-mbp.local" name="wikigraph.WikigraphSuite" tests="18" errors="0" failures="0" skipped="0" time="0.715" timestamp="2024-01-27T16:24:21">
          <properties>
[...]
</properties>
          <testcase classname="wikigraph.WikigraphSuite" name="zip without errors" time="0.213">
                      
                    </testcase><testcase classname="wikigraph.WikigraphSuite" name="zip with domain errors" time="0.053">
                      
                    </testcase><testcase classname="wikigraph.WikigraphSuite" name="zip with domain errors and failures" time="0.022">
                      
                    </testcase><testcase classname="wikigraph.WikigraphSuite" name="traverse without errors" time="0.059">
                      
                    </testcase><testcase classname="wikigraph.WikigraphSuite" name="traverse with domain errors" time="0.142">
                      
                    </testcase><testcase classname="wikigraph.WikigraphSuite" name="traverse with domain errors and failures" time="0.047">
                      
                    </testcase><testcase classname="wikigraph.WikigraphSuite" name="map" time="0.013">
                      
                    </testcase><testcase classname="wikigraph.WikigraphSuite" name="flatMap with a successful function" time="0.012">
                      
                    </testcase><testcase classname="wikigraph.WikigraphSuite" name="flatMap with a function producing a domain error" time="0.006">
                      
                    </testcase><testcase classname="wikigraph.WikigraphSuite" name="flatMap with a function producing a system failure" time="0.005">
                      
                    </testcase><testcase classname="wikigraph.WikigraphSuite" name="breadthFirstSearch finds unique path (2pts)" time="0.013">
                      
                    </testcase><testcase classname="wikigraph.WikigraphSuite" name="breadthFirstSearch finds shortest path (2pts)" time="0.002">
                      
                    </testcase><testcase classname="wikigraph.WikigraphSuite" name="breadthFirstSearch exits when maxDepth is reached (2pts)" time="0.002">
                      
                    </testcase><testcase classname="wikigraph.WikigraphSuite" name="breadthFirstSearch does not fail on errors (2pts)" time="0.0">
                      
                    </testcase><testcase classname="wikigraph.WikigraphSuite" name="breadthFirstSearch does not get stuck in cycles (2pts)" time="0.001">
                      
                    </testcase><testcase classname="wikigraph.WikigraphSuite" name="breadthFirstSearch does not get stuck in short cycles (2pts)" time="0.0">
                      
                    </testcase><testcase classname="wikigraph.WikigraphSuite" name="distanceMatrix (3pts)" time="0.008">
                      
                    </testcase><testcase classname="wikigraph.WikigraphSuite" name="namedLinks (3pts)" time="0.117">
                      
                    </testcase>
          <system-out><![CDATA[]]></system-out>
          <system-err><![CDATA[]]></system-err>
        </testsuite>